Chris Rorden's dcm2niiX version v1.0.20181125  (JP2:OpenJPEG) GCC9.3.0 (64-bit Linux)
Found 208 DICOM file(s)
Convert 208 DICOM as /root/data/ADNI/example/MRI/nifti/135_S_6509/Accelerated_Sagittal_MPRAGE__MSV22_/2024-08-08_11_16_51.0_I10914001 (256x256x208x1)
compress: "/usr/bin/pigz" -n -f -6 "/root/data/ADNI/example/MRI/nifti/135_S_6509/Accelerated_Sagittal_MPRAGE__MSV22_/2024-08-08_11_16_51.0_I10914001.nii"
Conversion required 0.354828 seconds (0.232205 for core code).
Chris Rorden's dcm2niiX version v1.0.20181125  (JP2:OpenJPEG) GCC9.3.0 (64-bit Linux)
Found 208 DICOM file(s)
Convert 208 DICOM as /root/data/ADNI/example/MRI/nifti/135_S_6703/Accelerated_Sagittal_MPRAGE__MSV22_/2024-03-28_11_04_46.0_I10435144 (256x256x208x1)
compress: "/usr/bin/pigz" -n -f -6 "/root/data/ADNI/example/MRI/nifti/135_S_6703/Accelerated_Sagittal_MPRAGE__MSV22_/2024-03-28_11_04_46.0_I10435144.nii"
Conversion required 0.357064 seconds (0.225770 for core code).
Chris Rorden's dcm2niiX version v1.0.20181125  (JP2:OpenJPEG) GCC9.3.0 (64-bit Linux)
Found 9600 DICOM file(s)
Convert 9600 DICOM as /root/data/ADNI/example/fMRI/nifti/135_S_6509/Axial_HB_rsfMRI__Eyes_Open___MSV22_/2024-08-08_12_03_24.0_I10910954 (64x64x48x200)
compress: "/usr/bin/pigz" -n -f -6 "/root/data/ADNI/example/fMRI/nifti/135_S_6509/Axial_HB_rsfMRI__Eyes_Open___MSV22_/2024-08-08_12_03_24.0_I10910954.nii"
Conversion required 4.277543 seconds (4.000137 for core code).
Chris Rorden's dcm2niiX version v1.0.20181125  (JP2:OpenJPEG) GCC9.3.0 (64-bit Linux)
Found 9600 DICOM file(s)
Convert 9600 DICOM as /root/data/ADNI/example/fMRI/nifti/135_S_6703/Axial_HB_rsfMRI__Eyes_Open___MSV22_/2024-03-28_11_54_09.0_I10426483 (64x64x48x200)
compress: "/usr/bin/pigz" -n -f -6 "/root/data/ADNI/example/fMRI/nifti/135_S_6703/Axial_HB_rsfMRI__Eyes_Open___MSV22_/2024-03-28_11_54_09.0_I10426483.nii"
Conversion required 4.302684 seconds (4.047518 for core code).
Processing subject 135_S_6509 (1/2)
  → Converting: /root/data/ADNI/example/MRI/dicom/135_S_6509/Accelerated_Sagittal_MPRAGE__MSV22_/2024-08-08_11_16_51.0/I10914001 → /root/data/ADNI/example/MRI/nifti/135_S_6509/Accelerated_Sagittal_MPRAGE__MSV22_/2024-08-08_11_16_51.0_I10914001.nii.gz
Processing subject 135_S_6703 (2/2)
  → Converting: /root/data/ADNI/example/MRI/dicom/135_S_6703/Accelerated_Sagittal_MPRAGE__MSV22_/2024-03-28_11_04_46.0/I10435144 → /root/data/ADNI/example/MRI/nifti/135_S_6703/Accelerated_Sagittal_MPRAGE__MSV22_/2024-03-28_11_04_46.0_I10435144.nii.gz
Processing subject 135_S_6509 (1/2)
  → Converting: /root/data/ADNI/example/fMRI/dicom/135_S_6509/Axial_HB_rsfMRI__Eyes_Open___MSV22_/2024-08-08_12_03_24.0/I10910954 → /root/data/ADNI/example/fMRI/nifti/135_S_6509/Axial_HB_rsfMRI__Eyes_Open___MSV22_/2024-08-08_12_03_24.0_I10910954.nii.gz
Processing subject 135_S_6703 (2/2)
  → Converting: /root/data/ADNI/example/fMRI/dicom/135_S_6703/Axial_HB_rsfMRI__Eyes_Open___MSV22_/2024-03-28_11_54_09.0/I10426483 → /root/data/ADNI/example/fMRI/nifti/135_S_6703/Axial_HB_rsfMRI__Eyes_Open___MSV22_/2024-03-28_11_54_09.0_I10426483.nii.gz
